ARM GAS  /tmp/ccKl4os9.s 			page 1


   1              		.syntax unified
   2              		.cpu cortex-m3
   3              		.fpu softvfp
   4              		.eabi_attribute 20, 1
   5              		.eabi_attribute 21, 1
   6              		.eabi_attribute 23, 3
   7              		.eabi_attribute 24, 1
   8              		.eabi_attribute 25, 1
   9              		.eabi_attribute 26, 1
  10              		.eabi_attribute 30, 1
  11              		.eabi_attribute 34, 1
  12              		.eabi_attribute 18, 4
  13              		.thumb
  14              		.file	"stm32f1xx_it.c"
  15              		.text
  16              	.Ltext0:
  17              		.cfi_sections	.debug_frame
  18              		.section	.text.NMI_Handler,"ax",%progbits
  19              		.align	2
  20              		.global	NMI_Handler
  21              		.thumb
  22              		.thumb_func
  24              	NMI_Handler:
  25              	.LFB63:
  26              		.file 1 "Src/stm32f1xx_it.c"
   1:Src/stm32f1xx_it.c **** /**
   2:Src/stm32f1xx_it.c ****   ******************************************************************************
   3:Src/stm32f1xx_it.c ****   * @file    stm32f1xx_it.c
   4:Src/stm32f1xx_it.c ****   * @brief   Interrupt Service Routines.
   5:Src/stm32f1xx_it.c ****   ******************************************************************************
   6:Src/stm32f1xx_it.c ****   *
   7:Src/stm32f1xx_it.c ****   * COPYRIGHT(c) 2018 STMicroelectronics
   8:Src/stm32f1xx_it.c ****   *
   9:Src/stm32f1xx_it.c ****   * Redistribution and use in source and binary forms, with or without modification,
  10:Src/stm32f1xx_it.c ****   * are permitted provided that the following conditions are met:
  11:Src/stm32f1xx_it.c ****   *   1. Redistributions of source code must retain the above copyright notice,
  12:Src/stm32f1xx_it.c ****   *      this list of conditions and the following disclaimer.
  13:Src/stm32f1xx_it.c ****   *   2. Redistributions in binary form must reproduce the above copyright notice,
  14:Src/stm32f1xx_it.c ****   *      this list of conditions and the following disclaimer in the documentation
  15:Src/stm32f1xx_it.c ****   *      and/or other materials provided with the distribution.
  16:Src/stm32f1xx_it.c ****   *   3. Neither the name of STMicroelectronics nor the names of its contributors
  17:Src/stm32f1xx_it.c ****   *      may be used to endorse or promote products derived from this software
  18:Src/stm32f1xx_it.c ****   *      without specific prior written permission.
  19:Src/stm32f1xx_it.c ****   *
  20:Src/stm32f1xx_it.c ****   * THIS SOFTWARE IS PROVIDED BY THE COPYRIGHT HOLDERS AND CONTRIBUTORS "AS IS"
  21:Src/stm32f1xx_it.c ****   * AND ANY EXPRESS OR IMPLIED WARRANTIES, INCLUDING, BUT NOT LIMITED TO, THE
  22:Src/stm32f1xx_it.c ****   * IMPLIED WARRANTIES OF MERCHANTABILITY AND FITNESS FOR A PARTICULAR PURPOSE ARE
  23:Src/stm32f1xx_it.c ****   * DISCLAIMED. IN NO EVENT SHALL THE COPYRIGHT HOLDER OR CONTRIBUTORS BE LIABLE
  24:Src/stm32f1xx_it.c ****   * FOR ANY DIRECT, INDIRECT, INCIDENTAL, SPECIAL, EXEMPLARY, OR CONSEQUENTIAL
  25:Src/stm32f1xx_it.c ****   * DAMAGES (INCLUDING, BUT NOT LIMITED TO, PROCUREMENT OF SUBSTITUTE GOODS OR
  26:Src/stm32f1xx_it.c ****   * SERVICES; LOSS OF USE, DATA, OR PROFITS; OR BUSINESS INTERRUPTION) HOWEVER
  27:Src/stm32f1xx_it.c ****   * CAUSED AND ON ANY THEORY OF LIABILITY, WHETHER IN CONTRACT, STRICT LIABILITY,
  28:Src/stm32f1xx_it.c ****   * OR TORT (INCLUDING NEGLIGENCE OR OTHERWISE) ARISING IN ANY WAY OUT OF THE USE
  29:Src/stm32f1xx_it.c ****   * OF THIS SOFTWARE, EVEN IF ADVISED OF THE POSSIBILITY OF SUCH DAMAGE.
  30:Src/stm32f1xx_it.c ****   *
  31:Src/stm32f1xx_it.c ****   ******************************************************************************
  32:Src/stm32f1xx_it.c ****   */
ARM GAS  /tmp/ccKl4os9.s 			page 2


  33:Src/stm32f1xx_it.c **** /* Includes ------------------------------------------------------------------*/
  34:Src/stm32f1xx_it.c **** #include "stm32f1xx_hal.h"
  35:Src/stm32f1xx_it.c **** #include "stm32f1xx.h"
  36:Src/stm32f1xx_it.c **** #include "stm32f1xx_it.h"
  37:Src/stm32f1xx_it.c **** 
  38:Src/stm32f1xx_it.c **** /* USER CODE BEGIN 0 */
  39:Src/stm32f1xx_it.c **** 
  40:Src/stm32f1xx_it.c **** /* USER CODE END 0 */
  41:Src/stm32f1xx_it.c **** 
  42:Src/stm32f1xx_it.c **** /* External variables --------------------------------------------------------*/
  43:Src/stm32f1xx_it.c **** 
  44:Src/stm32f1xx_it.c **** /******************************************************************************/
  45:Src/stm32f1xx_it.c **** /*            Cortex-M3 Processor Interruption and Exception Handlers         */ 
  46:Src/stm32f1xx_it.c **** /******************************************************************************/
  47:Src/stm32f1xx_it.c **** 
  48:Src/stm32f1xx_it.c **** /**
  49:Src/stm32f1xx_it.c **** * @brief This function handles Non maskable interrupt.
  50:Src/stm32f1xx_it.c **** */
  51:Src/stm32f1xx_it.c **** void NMI_Handler(void)
  52:Src/stm32f1xx_it.c **** {
  27              		.loc 1 52 0
  28              		.cfi_startproc
  29              		@ args = 0, pretend = 0, frame = 0
  30              		@ frame_needed = 0, uses_anonymous_args = 0
  31              		@ link register save eliminated.
  32 0000 7047     		bx	lr
  33              		.cfi_endproc
  34              	.LFE63:
  36 0002 00BF     		.section	.text.HardFault_Handler,"ax",%progbits
  37              		.align	2
  38              		.global	HardFault_Handler
  39              		.thumb
  40              		.thumb_func
  42              	HardFault_Handler:
  43              	.LFB64:
  53:Src/stm32f1xx_it.c ****   /* USER CODE BEGIN NonMaskableInt_IRQn 0 */
  54:Src/stm32f1xx_it.c **** 
  55:Src/stm32f1xx_it.c ****   /* USER CODE END NonMaskableInt_IRQn 0 */
  56:Src/stm32f1xx_it.c ****   /* USER CODE BEGIN NonMaskableInt_IRQn 1 */
  57:Src/stm32f1xx_it.c **** 
  58:Src/stm32f1xx_it.c ****   /* USER CODE END NonMaskableInt_IRQn 1 */
  59:Src/stm32f1xx_it.c **** }
  60:Src/stm32f1xx_it.c **** 
  61:Src/stm32f1xx_it.c **** /**
  62:Src/stm32f1xx_it.c **** * @brief This function handles Hard fault interrupt.
  63:Src/stm32f1xx_it.c **** */
  64:Src/stm32f1xx_it.c **** void HardFault_Handler(void)
  65:Src/stm32f1xx_it.c **** {
  44              		.loc 1 65 0
  45              		.cfi_startproc
  46              		@ Volatile: function does not return.
  47              		@ args = 0, pretend = 0, frame = 0
  48              		@ frame_needed = 0, uses_anonymous_args = 0
  49              		@ link register save eliminated.
  50              	.L3:
  66:Src/stm32f1xx_it.c ****   /* USER CODE BEGIN HardFault_IRQn 0 */
  67:Src/stm32f1xx_it.c **** 
ARM GAS  /tmp/ccKl4os9.s 			page 3


  68:Src/stm32f1xx_it.c ****   /* USER CODE END HardFault_IRQn 0 */
  69:Src/stm32f1xx_it.c ****   while (1)
  70:Src/stm32f1xx_it.c ****   {
  71:Src/stm32f1xx_it.c ****     /* USER CODE BEGIN W1_HardFault_IRQn 0 */
  72:Src/stm32f1xx_it.c ****     /* USER CODE END W1_HardFault_IRQn 0 */
  73:Src/stm32f1xx_it.c ****   }
  51              		.loc 1 73 0 discriminator 1
  52 0000 FEE7     		b	.L3
  53              		.cfi_endproc
  54              	.LFE64:
  56 0002 00BF     		.section	.text.MemManage_Handler,"ax",%progbits
  57              		.align	2
  58              		.global	MemManage_Handler
  59              		.thumb
  60              		.thumb_func
  62              	MemManage_Handler:
  63              	.LFB65:
  74:Src/stm32f1xx_it.c ****   /* USER CODE BEGIN HardFault_IRQn 1 */
  75:Src/stm32f1xx_it.c **** 
  76:Src/stm32f1xx_it.c ****   /* USER CODE END HardFault_IRQn 1 */
  77:Src/stm32f1xx_it.c **** }
  78:Src/stm32f1xx_it.c **** 
  79:Src/stm32f1xx_it.c **** /**
  80:Src/stm32f1xx_it.c **** * @brief This function handles Memory management fault.
  81:Src/stm32f1xx_it.c **** */
  82:Src/stm32f1xx_it.c **** void MemManage_Handler(void)
  83:Src/stm32f1xx_it.c **** {
  64              		.loc 1 83 0
  65              		.cfi_startproc
  66              		@ Volatile: function does not return.
  67              		@ args = 0, pretend = 0, frame = 0
  68              		@ frame_needed = 0, uses_anonymous_args = 0
  69              		@ link register save eliminated.
  70              	.L5:
  84:Src/stm32f1xx_it.c ****   /* USER CODE BEGIN MemoryManagement_IRQn 0 */
  85:Src/stm32f1xx_it.c **** 
  86:Src/stm32f1xx_it.c ****   /* USER CODE END MemoryManagement_IRQn 0 */
  87:Src/stm32f1xx_it.c ****   while (1)
  88:Src/stm32f1xx_it.c ****   {
  89:Src/stm32f1xx_it.c ****     /* USER CODE BEGIN W1_MemoryManagement_IRQn 0 */
  90:Src/stm32f1xx_it.c ****     /* USER CODE END W1_MemoryManagement_IRQn 0 */
  91:Src/stm32f1xx_it.c ****   }
  71              		.loc 1 91 0 discriminator 1
  72 0000 FEE7     		b	.L5
  73              		.cfi_endproc
  74              	.LFE65:
  76 0002 00BF     		.section	.text.BusFault_Handler,"ax",%progbits
  77              		.align	2
  78              		.global	BusFault_Handler
  79              		.thumb
  80              		.thumb_func
  82              	BusFault_Handler:
  83              	.LFB66:
  92:Src/stm32f1xx_it.c ****   /* USER CODE BEGIN MemoryManagement_IRQn 1 */
  93:Src/stm32f1xx_it.c **** 
  94:Src/stm32f1xx_it.c ****   /* USER CODE END MemoryManagement_IRQn 1 */
  95:Src/stm32f1xx_it.c **** }
ARM GAS  /tmp/ccKl4os9.s 			page 4


  96:Src/stm32f1xx_it.c **** 
  97:Src/stm32f1xx_it.c **** /**
  98:Src/stm32f1xx_it.c **** * @brief This function handles Prefetch fault, memory access fault.
  99:Src/stm32f1xx_it.c **** */
 100:Src/stm32f1xx_it.c **** void BusFault_Handler(void)
 101:Src/stm32f1xx_it.c **** {
  84              		.loc 1 101 0
  85              		.cfi_startproc
  86              		@ Volatile: function does not return.
  87              		@ args = 0, pretend = 0, frame = 0
  88              		@ frame_needed = 0, uses_anonymous_args = 0
  89              		@ link register save eliminated.
  90              	.L7:
 102:Src/stm32f1xx_it.c ****   /* USER CODE BEGIN BusFault_IRQn 0 */
 103:Src/stm32f1xx_it.c **** 
 104:Src/stm32f1xx_it.c ****   /* USER CODE END BusFault_IRQn 0 */
 105:Src/stm32f1xx_it.c ****   while (1)
 106:Src/stm32f1xx_it.c ****   {
 107:Src/stm32f1xx_it.c ****     /* USER CODE BEGIN W1_BusFault_IRQn 0 */
 108:Src/stm32f1xx_it.c ****     /* USER CODE END W1_BusFault_IRQn 0 */
 109:Src/stm32f1xx_it.c ****   }
  91              		.loc 1 109 0 discriminator 1
  92 0000 FEE7     		b	.L7
  93              		.cfi_endproc
  94              	.LFE66:
  96 0002 00BF     		.section	.text.UsageFault_Handler,"ax",%progbits
  97              		.align	2
  98              		.global	UsageFault_Handler
  99              		.thumb
 100              		.thumb_func
 102              	UsageFault_Handler:
 103              	.LFB67:
 110:Src/stm32f1xx_it.c ****   /* USER CODE BEGIN BusFault_IRQn 1 */
 111:Src/stm32f1xx_it.c **** 
 112:Src/stm32f1xx_it.c ****   /* USER CODE END BusFault_IRQn 1 */
 113:Src/stm32f1xx_it.c **** }
 114:Src/stm32f1xx_it.c **** 
 115:Src/stm32f1xx_it.c **** /**
 116:Src/stm32f1xx_it.c **** * @brief This function handles Undefined instruction or illegal state.
 117:Src/stm32f1xx_it.c **** */
 118:Src/stm32f1xx_it.c **** void UsageFault_Handler(void)
 119:Src/stm32f1xx_it.c **** {
 104              		.loc 1 119 0
 105              		.cfi_startproc
 106              		@ Volatile: function does not return.
 107              		@ args = 0, pretend = 0, frame = 0
 108              		@ frame_needed = 0, uses_anonymous_args = 0
 109              		@ link register save eliminated.
 110              	.L9:
 120:Src/stm32f1xx_it.c ****   /* USER CODE BEGIN UsageFault_IRQn 0 */
 121:Src/stm32f1xx_it.c **** 
 122:Src/stm32f1xx_it.c ****   /* USER CODE END UsageFault_IRQn 0 */
 123:Src/stm32f1xx_it.c ****   while (1)
 124:Src/stm32f1xx_it.c ****   {
 125:Src/stm32f1xx_it.c ****     /* USER CODE BEGIN W1_UsageFault_IRQn 0 */
 126:Src/stm32f1xx_it.c ****     /* USER CODE END W1_UsageFault_IRQn 0 */
 127:Src/stm32f1xx_it.c ****   }
ARM GAS  /tmp/ccKl4os9.s 			page 5


 111              		.loc 1 127 0 discriminator 1
 112 0000 FEE7     		b	.L9
 113              		.cfi_endproc
 114              	.LFE67:
 116 0002 00BF     		.section	.text.SVC_Handler,"ax",%progbits
 117              		.align	2
 118              		.global	SVC_Handler
 119              		.thumb
 120              		.thumb_func
 122              	SVC_Handler:
 123              	.LFB68:
 128:Src/stm32f1xx_it.c ****   /* USER CODE BEGIN UsageFault_IRQn 1 */
 129:Src/stm32f1xx_it.c **** 
 130:Src/stm32f1xx_it.c ****   /* USER CODE END UsageFault_IRQn 1 */
 131:Src/stm32f1xx_it.c **** }
 132:Src/stm32f1xx_it.c **** 
 133:Src/stm32f1xx_it.c **** /**
 134:Src/stm32f1xx_it.c **** * @brief This function handles System service call via SWI instruction.
 135:Src/stm32f1xx_it.c **** */
 136:Src/stm32f1xx_it.c **** void SVC_Handler(void)
 137:Src/stm32f1xx_it.c **** {
 124              		.loc 1 137 0
 125              		.cfi_startproc
 126              		@ args = 0, pretend = 0, frame = 0
 127              		@ frame_needed = 0, uses_anonymous_args = 0
 128              		@ link register save eliminated.
 129 0000 7047     		bx	lr
 130              		.cfi_endproc
 131              	.LFE68:
 133 0002 00BF     		.section	.text.DebugMon_Handler,"ax",%progbits
 134              		.align	2
 135              		.global	DebugMon_Handler
 136              		.thumb
 137              		.thumb_func
 139              	DebugMon_Handler:
 140              	.LFB69:
 138:Src/stm32f1xx_it.c ****   /* USER CODE BEGIN SVCall_IRQn 0 */
 139:Src/stm32f1xx_it.c **** 
 140:Src/stm32f1xx_it.c ****   /* USER CODE END SVCall_IRQn 0 */
 141:Src/stm32f1xx_it.c ****   /* USER CODE BEGIN SVCall_IRQn 1 */
 142:Src/stm32f1xx_it.c **** 
 143:Src/stm32f1xx_it.c ****   /* USER CODE END SVCall_IRQn 1 */
 144:Src/stm32f1xx_it.c **** }
 145:Src/stm32f1xx_it.c **** 
 146:Src/stm32f1xx_it.c **** /**
 147:Src/stm32f1xx_it.c **** * @brief This function handles Debug monitor.
 148:Src/stm32f1xx_it.c **** */
 149:Src/stm32f1xx_it.c **** void DebugMon_Handler(void)
 150:Src/stm32f1xx_it.c **** {
 141              		.loc 1 150 0
 142              		.cfi_startproc
 143              		@ args = 0, pretend = 0, frame = 0
 144              		@ frame_needed = 0, uses_anonymous_args = 0
 145              		@ link register save eliminated.
 146 0000 7047     		bx	lr
 147              		.cfi_endproc
 148              	.LFE69:
ARM GAS  /tmp/ccKl4os9.s 			page 6


 150 0002 00BF     		.section	.text.PendSV_Handler,"ax",%progbits
 151              		.align	2
 152              		.global	PendSV_Handler
 153              		.thumb
 154              		.thumb_func
 156              	PendSV_Handler:
 157              	.LFB70:
 151:Src/stm32f1xx_it.c ****   /* USER CODE BEGIN DebugMonitor_IRQn 0 */
 152:Src/stm32f1xx_it.c **** 
 153:Src/stm32f1xx_it.c ****   /* USER CODE END DebugMonitor_IRQn 0 */
 154:Src/stm32f1xx_it.c ****   /* USER CODE BEGIN DebugMonitor_IRQn 1 */
 155:Src/stm32f1xx_it.c **** 
 156:Src/stm32f1xx_it.c ****   /* USER CODE END DebugMonitor_IRQn 1 */
 157:Src/stm32f1xx_it.c **** }
 158:Src/stm32f1xx_it.c **** 
 159:Src/stm32f1xx_it.c **** /**
 160:Src/stm32f1xx_it.c **** * @brief This function handles Pendable request for system service.
 161:Src/stm32f1xx_it.c **** */
 162:Src/stm32f1xx_it.c **** void PendSV_Handler(void)
 163:Src/stm32f1xx_it.c **** {
 158              		.loc 1 163 0
 159              		.cfi_startproc
 160              		@ args = 0, pretend = 0, frame = 0
 161              		@ frame_needed = 0, uses_anonymous_args = 0
 162              		@ link register save eliminated.
 163 0000 7047     		bx	lr
 164              		.cfi_endproc
 165              	.LFE70:
 167 0002 00BF     		.section	.text.SysTick_Handler,"ax",%progbits
 168              		.align	2
 169              		.global	SysTick_Handler
 170              		.thumb
 171              		.thumb_func
 173              	SysTick_Handler:
 174              	.LFB71:
 164:Src/stm32f1xx_it.c ****   /* USER CODE BEGIN PendSV_IRQn 0 */
 165:Src/stm32f1xx_it.c **** 
 166:Src/stm32f1xx_it.c ****   /* USER CODE END PendSV_IRQn 0 */
 167:Src/stm32f1xx_it.c ****   /* USER CODE BEGIN PendSV_IRQn 1 */
 168:Src/stm32f1xx_it.c **** 
 169:Src/stm32f1xx_it.c ****   /* USER CODE END PendSV_IRQn 1 */
 170:Src/stm32f1xx_it.c **** }
 171:Src/stm32f1xx_it.c **** 
 172:Src/stm32f1xx_it.c **** /**
 173:Src/stm32f1xx_it.c **** * @brief This function handles System tick timer.
 174:Src/stm32f1xx_it.c **** */
 175:Src/stm32f1xx_it.c **** void SysTick_Handler(void)
 176:Src/stm32f1xx_it.c **** {
 175              		.loc 1 176 0
 176              		.cfi_startproc
 177              		@ args = 0, pretend = 0, frame = 0
 178              		@ frame_needed = 0, uses_anonymous_args = 0
 179              		.loc 1 176 0
 180 0000 08B5     		push	{r3, lr}
 181              	.LCFI0:
 182              		.cfi_def_cfa_offset 8
 183              		.cfi_offset 3, -8
ARM GAS  /tmp/ccKl4os9.s 			page 7


 184              		.cfi_offset 14, -4
 177:Src/stm32f1xx_it.c ****   /* USER CODE BEGIN SysTick_IRQn 0 */
 178:Src/stm32f1xx_it.c **** 
 179:Src/stm32f1xx_it.c ****   /* USER CODE END SysTick_IRQn 0 */
 180:Src/stm32f1xx_it.c ****   HAL_IncTick();
 185              		.loc 1 180 0
 186 0002 FFF7FEFF 		bl	HAL_IncTick
 187              	.LVL0:
 181:Src/stm32f1xx_it.c ****   HAL_SYSTICK_IRQHandler();
 188              		.loc 1 181 0
 189 0006 FFF7FEFF 		bl	HAL_SYSTICK_IRQHandler
 190              	.LVL1:
 191 000a 08BD     		pop	{r3, pc}
 192              		.cfi_endproc
 193              	.LFE71:
 195              		.text
 196              	.Letext0:
 197              		.file 2 "/usr/include/newlib/machine/_default_types.h"
 198              		.file 3 "/usr/include/newlib/sys/_stdint.h"
 199              		.file 4 "Drivers/STM32F1xx_HAL_Driver/Inc/stm32f1xx_hal.h"
 200              		.file 5 "Drivers/STM32F1xx_HAL_Driver/Inc/stm32f1xx_hal_cortex.h"
 201              		.file 6 "Drivers/CMSIS/Include/core_cm3.h"
ARM GAS  /tmp/ccKl4os9.s 			page 8


DEFINED SYMBOLS
                            *ABS*:0000000000000000 stm32f1xx_it.c
     /tmp/ccKl4os9.s:19     .text.NMI_Handler:0000000000000000 $t
     /tmp/ccKl4os9.s:24     .text.NMI_Handler:0000000000000000 NMI_Handler
     /tmp/ccKl4os9.s:37     .text.HardFault_Handler:0000000000000000 $t
     /tmp/ccKl4os9.s:42     .text.HardFault_Handler:0000000000000000 HardFault_Handler
     /tmp/ccKl4os9.s:57     .text.MemManage_Handler:0000000000000000 $t
     /tmp/ccKl4os9.s:62     .text.MemManage_Handler:0000000000000000 MemManage_Handler
     /tmp/ccKl4os9.s:77     .text.BusFault_Handler:0000000000000000 $t
     /tmp/ccKl4os9.s:82     .text.BusFault_Handler:0000000000000000 BusFault_Handler
     /tmp/ccKl4os9.s:97     .text.UsageFault_Handler:0000000000000000 $t
     /tmp/ccKl4os9.s:102    .text.UsageFault_Handler:0000000000000000 UsageFault_Handler
     /tmp/ccKl4os9.s:117    .text.SVC_Handler:0000000000000000 $t
     /tmp/ccKl4os9.s:122    .text.SVC_Handler:0000000000000000 SVC_Handler
     /tmp/ccKl4os9.s:134    .text.DebugMon_Handler:0000000000000000 $t
     /tmp/ccKl4os9.s:139    .text.DebugMon_Handler:0000000000000000 DebugMon_Handler
     /tmp/ccKl4os9.s:151    .text.PendSV_Handler:0000000000000000 $t
     /tmp/ccKl4os9.s:156    .text.PendSV_Handler:0000000000000000 PendSV_Handler
     /tmp/ccKl4os9.s:168    .text.SysTick_Handler:0000000000000000 $t
     /tmp/ccKl4os9.s:173    .text.SysTick_Handler:0000000000000000 SysTick_Handler
                     .debug_frame:0000000000000010 $d

UNDEFINED SYMBOLS
HAL_IncTick
HAL_SYSTICK_IRQHandler
