ARM GAS  /tmp/ccIrVjlW.s 			page 1


   1              		.cpu cortex-m3
   2              		.eabi_attribute 20, 1
   3              		.eabi_attribute 21, 1
   4              		.eabi_attribute 23, 3
   5              		.eabi_attribute 24, 1
   6              		.eabi_attribute 25, 1
   7              		.eabi_attribute 26, 1
   8              		.eabi_attribute 30, 1
   9              		.eabi_attribute 34, 1
  10              		.eabi_attribute 18, 4
  11              		.file	"stm32f1xx_hal_tim_ex.c"
  12              		.text
  13              	.Ltext0:
  14              		.cfi_sections	.debug_frame
  15              	.Letext0:
  16              		.file 1 "/home/crabfish/tools/gcc-arm-none-eabi-7-2017-q4-major/arm-none-eabi/include/machine/_def
  17              		.file 2 "/home/crabfish/tools/gcc-arm-none-eabi-7-2017-q4-major/arm-none-eabi/include/sys/_stdint.
  18              		.file 3 "Drivers/CMSIS/Include/core_cm3.h"
  19              		.file 4 "Drivers/CMSIS/Device/ST/STM32F1xx/Include/system_stm32f1xx.h"
  20              		.file 5 "/home/crabfish/tools/gcc-arm-none-eabi-7-2017-q4-major/arm-none-eabi/include/sys/lock.h"
  21              		.file 6 "/home/crabfish/tools/gcc-arm-none-eabi-7-2017-q4-major/arm-none-eabi/include/sys/_types.h
  22              		.file 7 "/home/crabfish/tools/gcc-arm-none-eabi-7-2017-q4-major/lib/gcc/arm-none-eabi/7.2.1/includ
  23              		.file 8 "/home/crabfish/tools/gcc-arm-none-eabi-7-2017-q4-major/arm-none-eabi/include/sys/reent.h"
ARM GAS  /tmp/ccIrVjlW.s 			page 2


DEFINED SYMBOLS
                            *ABS*:0000000000000000 stm32f1xx_hal_tim_ex.c

NO UNDEFINED SYMBOLS
