ARM GAS  /tmp/ccC989Fq.s 			page 1


   1              		.cpu cortex-m3
   2              		.eabi_attribute 20, 1
   3              		.eabi_attribute 21, 1
   4              		.eabi_attribute 23, 3
   5              		.eabi_attribute 24, 1
   6              		.eabi_attribute 25, 1
   7              		.eabi_attribute 26, 1
   8              		.eabi_attribute 30, 1
   9              		.eabi_attribute 34, 1
  10              		.eabi_attribute 18, 4
  11              		.file	"stm32f1xx_hal_msp.c"
  12              		.text
  13              	.Ltext0:
  14              		.cfi_sections	.debug_frame
  15              		.section	.text.HAL_MspInit,"ax",%progbits
  16              		.align	1
  17              		.global	HAL_MspInit
  18              		.syntax unified
  19              		.thumb
  20              		.thumb_func
  21              		.fpu softvfp
  23              	HAL_MspInit:
  24              	.LFB64:
  25              		.file 1 "Src/stm32f1xx_hal_msp.c"
   1:Src/stm32f1xx_hal_msp.c **** /**
   2:Src/stm32f1xx_hal_msp.c ****   ******************************************************************************
   3:Src/stm32f1xx_hal_msp.c ****   * File Name          : stm32f1xx_hal_msp.c
   4:Src/stm32f1xx_hal_msp.c ****   * Description        : This file provides code for the MSP Initialization 
   5:Src/stm32f1xx_hal_msp.c ****   *                      and de-Initialization codes.
   6:Src/stm32f1xx_hal_msp.c ****   ******************************************************************************
   7:Src/stm32f1xx_hal_msp.c ****   ** This notice applies to any and all portions of this file
   8:Src/stm32f1xx_hal_msp.c ****   * that are not between comment pairs USER CODE BEGIN and
   9:Src/stm32f1xx_hal_msp.c ****   * USER CODE END. Other portions of this file, whether 
  10:Src/stm32f1xx_hal_msp.c ****   * inserted by the user or by software development tools
  11:Src/stm32f1xx_hal_msp.c ****   * are owned by their respective copyright owners.
  12:Src/stm32f1xx_hal_msp.c ****   *
  13:Src/stm32f1xx_hal_msp.c ****   * COPYRIGHT(c) 2018 STMicroelectronics
  14:Src/stm32f1xx_hal_msp.c ****   *
  15:Src/stm32f1xx_hal_msp.c ****   * Redistribution and use in source and binary forms, with or without modification,
  16:Src/stm32f1xx_hal_msp.c ****   * are permitted provided that the following conditions are met:
  17:Src/stm32f1xx_hal_msp.c ****   *   1. Redistributions of source code must retain the above copyright notice,
  18:Src/stm32f1xx_hal_msp.c ****   *      this list of conditions and the following disclaimer.
  19:Src/stm32f1xx_hal_msp.c ****   *   2. Redistributions in binary form must reproduce the above copyright notice,
  20:Src/stm32f1xx_hal_msp.c ****   *      this list of conditions and the following disclaimer in the documentation
  21:Src/stm32f1xx_hal_msp.c ****   *      and/or other materials provided with the distribution.
  22:Src/stm32f1xx_hal_msp.c ****   *   3. Neither the name of STMicroelectronics nor the names of its contributors
  23:Src/stm32f1xx_hal_msp.c ****   *      may be used to endorse or promote products derived from this software
  24:Src/stm32f1xx_hal_msp.c ****   *      without specific prior written permission.
  25:Src/stm32f1xx_hal_msp.c ****   *
  26:Src/stm32f1xx_hal_msp.c ****   * THIS SOFTWARE IS PROVIDED BY THE COPYRIGHT HOLDERS AND CONTRIBUTORS "AS IS"
  27:Src/stm32f1xx_hal_msp.c ****   * AND ANY EXPRESS OR IMPLIED WARRANTIES, INCLUDING, BUT NOT LIMITED TO, THE
  28:Src/stm32f1xx_hal_msp.c ****   * IMPLIED WARRANTIES OF MERCHANTABILITY AND FITNESS FOR A PARTICULAR PURPOSE ARE
  29:Src/stm32f1xx_hal_msp.c ****   * DISCLAIMED. IN NO EVENT SHALL THE COPYRIGHT HOLDER OR CONTRIBUTORS BE LIABLE
  30:Src/stm32f1xx_hal_msp.c ****   * FOR ANY DIRECT, INDIRECT, INCIDENTAL, SPECIAL, EXEMPLARY, OR CONSEQUENTIAL
  31:Src/stm32f1xx_hal_msp.c ****   * DAMAGES (INCLUDING, BUT NOT LIMITED TO, PROCUREMENT OF SUBSTITUTE GOODS OR
  32:Src/stm32f1xx_hal_msp.c ****   * SERVICES; LOSS OF USE, DATA, OR PROFITS; OR BUSINESS INTERRUPTION) HOWEVER
  33:Src/stm32f1xx_hal_msp.c ****   * CAUSED AND ON ANY THEORY OF LIABILITY, WHETHER IN CONTRACT, STRICT LIABILITY,
ARM GAS  /tmp/ccC989Fq.s 			page 2


  34:Src/stm32f1xx_hal_msp.c ****   * OR TORT (INCLUDING NEGLIGENCE OR OTHERWISE) ARISING IN ANY WAY OUT OF THE USE
  35:Src/stm32f1xx_hal_msp.c ****   * OF THIS SOFTWARE, EVEN IF ADVISED OF THE POSSIBILITY OF SUCH DAMAGE.
  36:Src/stm32f1xx_hal_msp.c ****   *
  37:Src/stm32f1xx_hal_msp.c ****   ******************************************************************************
  38:Src/stm32f1xx_hal_msp.c ****   */
  39:Src/stm32f1xx_hal_msp.c **** /* Includes ------------------------------------------------------------------*/
  40:Src/stm32f1xx_hal_msp.c **** #include "stm32f1xx_hal.h"
  41:Src/stm32f1xx_hal_msp.c **** 
  42:Src/stm32f1xx_hal_msp.c **** extern void _Error_Handler(char *, int);
  43:Src/stm32f1xx_hal_msp.c **** /* USER CODE BEGIN 0 */
  44:Src/stm32f1xx_hal_msp.c **** 
  45:Src/stm32f1xx_hal_msp.c **** /* USER CODE END 0 */
  46:Src/stm32f1xx_hal_msp.c **** /**
  47:Src/stm32f1xx_hal_msp.c ****   * Initializes the Global MSP.
  48:Src/stm32f1xx_hal_msp.c ****   */
  49:Src/stm32f1xx_hal_msp.c **** void HAL_MspInit(void)
  50:Src/stm32f1xx_hal_msp.c **** {
  26              		.loc 1 50 0
  27              		.cfi_startproc
  28              		@ args = 0, pretend = 0, frame = 8
  29              		@ frame_needed = 0, uses_anonymous_args = 0
  30 0000 00B5     		push	{lr}
  31              	.LCFI0:
  32              		.cfi_def_cfa_offset 4
  33              		.cfi_offset 14, -4
  34 0002 83B0     		sub	sp, sp, #12
  35              	.LCFI1:
  36              		.cfi_def_cfa_offset 16
  37              	.LBB2:
  51:Src/stm32f1xx_hal_msp.c ****   /* USER CODE BEGIN MspInit 0 */
  52:Src/stm32f1xx_hal_msp.c **** 
  53:Src/stm32f1xx_hal_msp.c ****   /* USER CODE END MspInit 0 */
  54:Src/stm32f1xx_hal_msp.c **** 
  55:Src/stm32f1xx_hal_msp.c ****   __HAL_RCC_AFIO_CLK_ENABLE();
  38              		.loc 1 55 0
  39 0004 204B     		ldr	r3, .L3
  40 0006 9A69     		ldr	r2, [r3, #24]
  41 0008 42F00102 		orr	r2, r2, #1
  42 000c 9A61     		str	r2, [r3, #24]
  43 000e 9B69     		ldr	r3, [r3, #24]
  44 0010 03F00103 		and	r3, r3, #1
  45 0014 0193     		str	r3, [sp, #4]
  46              	.LBE2:
  56:Src/stm32f1xx_hal_msp.c **** 
  57:Src/stm32f1xx_hal_msp.c ****   HAL_NVIC_SetPriorityGrouping(NVIC_PRIORITYGROUP_4);
  47              		.loc 1 57 0
  48 0016 0320     		movs	r0, #3
  49 0018 FFF7FEFF 		bl	HAL_NVIC_SetPriorityGrouping
  50              	.LVL0:
  58:Src/stm32f1xx_hal_msp.c **** 
  59:Src/stm32f1xx_hal_msp.c ****   /* System interrupt init*/
  60:Src/stm32f1xx_hal_msp.c ****   /* MemoryManagement_IRQn interrupt configuration */
  61:Src/stm32f1xx_hal_msp.c ****   HAL_NVIC_SetPriority(MemoryManagement_IRQn, 0, 0);
  51              		.loc 1 61 0
  52 001c 0022     		movs	r2, #0
  53 001e 1146     		mov	r1, r2
  54 0020 6FF00B00 		mvn	r0, #11
ARM GAS  /tmp/ccC989Fq.s 			page 3


  55 0024 FFF7FEFF 		bl	HAL_NVIC_SetPriority
  56              	.LVL1:
  62:Src/stm32f1xx_hal_msp.c ****   /* BusFault_IRQn interrupt configuration */
  63:Src/stm32f1xx_hal_msp.c ****   HAL_NVIC_SetPriority(BusFault_IRQn, 0, 0);
  57              		.loc 1 63 0
  58 0028 0022     		movs	r2, #0
  59 002a 1146     		mov	r1, r2
  60 002c 6FF00A00 		mvn	r0, #10
  61 0030 FFF7FEFF 		bl	HAL_NVIC_SetPriority
  62              	.LVL2:
  64:Src/stm32f1xx_hal_msp.c ****   /* UsageFault_IRQn interrupt configuration */
  65:Src/stm32f1xx_hal_msp.c ****   HAL_NVIC_SetPriority(UsageFault_IRQn, 0, 0);
  63              		.loc 1 65 0
  64 0034 0022     		movs	r2, #0
  65 0036 1146     		mov	r1, r2
  66 0038 6FF00900 		mvn	r0, #9
  67 003c FFF7FEFF 		bl	HAL_NVIC_SetPriority
  68              	.LVL3:
  66:Src/stm32f1xx_hal_msp.c ****   /* SVCall_IRQn interrupt configuration */
  67:Src/stm32f1xx_hal_msp.c ****   HAL_NVIC_SetPriority(SVCall_IRQn, 0, 0);
  69              		.loc 1 67 0
  70 0040 0022     		movs	r2, #0
  71 0042 1146     		mov	r1, r2
  72 0044 6FF00400 		mvn	r0, #4
  73 0048 FFF7FEFF 		bl	HAL_NVIC_SetPriority
  74              	.LVL4:
  68:Src/stm32f1xx_hal_msp.c ****   /* DebugMonitor_IRQn interrupt configuration */
  69:Src/stm32f1xx_hal_msp.c ****   HAL_NVIC_SetPriority(DebugMonitor_IRQn, 0, 0);
  75              		.loc 1 69 0
  76 004c 0022     		movs	r2, #0
  77 004e 1146     		mov	r1, r2
  78 0050 6FF00300 		mvn	r0, #3
  79 0054 FFF7FEFF 		bl	HAL_NVIC_SetPriority
  80              	.LVL5:
  70:Src/stm32f1xx_hal_msp.c ****   /* PendSV_IRQn interrupt configuration */
  71:Src/stm32f1xx_hal_msp.c ****   HAL_NVIC_SetPriority(PendSV_IRQn, 0, 0);
  81              		.loc 1 71 0
  82 0058 0022     		movs	r2, #0
  83 005a 1146     		mov	r1, r2
  84 005c 6FF00100 		mvn	r0, #1
  85 0060 FFF7FEFF 		bl	HAL_NVIC_SetPriority
  86              	.LVL6:
  72:Src/stm32f1xx_hal_msp.c ****   /* SysTick_IRQn interrupt configuration */
  73:Src/stm32f1xx_hal_msp.c ****   HAL_NVIC_SetPriority(SysTick_IRQn, 0, 0);
  87              		.loc 1 73 0
  88 0064 0022     		movs	r2, #0
  89 0066 1146     		mov	r1, r2
  90 0068 4FF0FF30 		mov	r0, #-1
  91 006c FFF7FEFF 		bl	HAL_NVIC_SetPriority
  92              	.LVL7:
  74:Src/stm32f1xx_hal_msp.c **** 
  75:Src/stm32f1xx_hal_msp.c ****     /**DISABLE: JTAG-DP Disabled and SW-DP Disabled 
  76:Src/stm32f1xx_hal_msp.c ****     */
  77:Src/stm32f1xx_hal_msp.c ****   __HAL_AFIO_REMAP_SWJ_DISABLE();
  93              		.loc 1 77 0
  94 0070 064B     		ldr	r3, .L3+4
  95 0072 5A68     		ldr	r2, [r3, #4]
ARM GAS  /tmp/ccC989Fq.s 			page 4


  96 0074 22F0E062 		bic	r2, r2, #117440512
  97 0078 5A60     		str	r2, [r3, #4]
  98 007a 5A68     		ldr	r2, [r3, #4]
  99 007c 42F08062 		orr	r2, r2, #67108864
 100 0080 5A60     		str	r2, [r3, #4]
  78:Src/stm32f1xx_hal_msp.c **** 
  79:Src/stm32f1xx_hal_msp.c ****   /* USER CODE BEGIN MspInit 1 */
  80:Src/stm32f1xx_hal_msp.c **** 
  81:Src/stm32f1xx_hal_msp.c ****   /* USER CODE END MspInit 1 */
  82:Src/stm32f1xx_hal_msp.c **** }
 101              		.loc 1 82 0
 102 0082 03B0     		add	sp, sp, #12
 103              	.LCFI2:
 104              		.cfi_def_cfa_offset 4
 105              		@ sp needed
 106 0084 5DF804FB 		ldr	pc, [sp], #4
 107              	.L4:
 108              		.align	2
 109              	.L3:
 110 0088 00100240 		.word	1073876992
 111 008c 00000140 		.word	1073807360
 112              		.cfi_endproc
 113              	.LFE64:
 115              		.section	.text.HAL_UART_MspInit,"ax",%progbits
 116              		.align	1
 117              		.global	HAL_UART_MspInit
 118              		.syntax unified
 119              		.thumb
 120              		.thumb_func
 121              		.fpu softvfp
 123              	HAL_UART_MspInit:
 124              	.LFB65:
  83:Src/stm32f1xx_hal_msp.c **** 
  84:Src/stm32f1xx_hal_msp.c **** void HAL_UART_MspInit(UART_HandleTypeDef* huart)
  85:Src/stm32f1xx_hal_msp.c **** {
 125              		.loc 1 85 0
 126              		.cfi_startproc
 127              		@ args = 0, pretend = 0, frame = 24
 128              		@ frame_needed = 0, uses_anonymous_args = 0
 129              	.LVL8:
 130              	.LBB3:
  86:Src/stm32f1xx_hal_msp.c **** 
  87:Src/stm32f1xx_hal_msp.c ****   GPIO_InitTypeDef GPIO_InitStruct;
  88:Src/stm32f1xx_hal_msp.c ****   if(huart->Instance==USART1)
 131              		.loc 1 88 0
 132 0000 0268     		ldr	r2, [r0]
 133 0002 144B     		ldr	r3, .L12
 134 0004 9A42     		cmp	r2, r3
 135 0006 00D0     		beq	.L11
 136 0008 7047     		bx	lr
 137              	.L11:
 138              	.LBE3:
  85:Src/stm32f1xx_hal_msp.c **** 
 139              		.loc 1 85 0
 140 000a 10B5     		push	{r4, lr}
 141              	.LCFI3:
 142              		.cfi_def_cfa_offset 8
ARM GAS  /tmp/ccC989Fq.s 			page 5


 143              		.cfi_offset 4, -8
 144              		.cfi_offset 14, -4
 145 000c 86B0     		sub	sp, sp, #24
 146              	.LCFI4:
 147              		.cfi_def_cfa_offset 32
 148              	.LBB6:
 149              	.LBB4:
 150              	.LBB5:
  89:Src/stm32f1xx_hal_msp.c ****   {
  90:Src/stm32f1xx_hal_msp.c ****   /* USER CODE BEGIN USART1_MspInit 0 */
  91:Src/stm32f1xx_hal_msp.c **** 
  92:Src/stm32f1xx_hal_msp.c ****   /* USER CODE END USART1_MspInit 0 */
  93:Src/stm32f1xx_hal_msp.c ****     /* Peripheral clock enable */
  94:Src/stm32f1xx_hal_msp.c ****     __HAL_RCC_USART1_CLK_ENABLE();
 151              		.loc 1 94 0
 152 000e 03F55843 		add	r3, r3, #55296
 153 0012 9A69     		ldr	r2, [r3, #24]
 154 0014 42F48042 		orr	r2, r2, #16384
 155 0018 9A61     		str	r2, [r3, #24]
 156 001a 9B69     		ldr	r3, [r3, #24]
 157 001c 03F48043 		and	r3, r3, #16384
 158 0020 0193     		str	r3, [sp, #4]
 159              	.LBE5:
  95:Src/stm32f1xx_hal_msp.c ****   
  96:Src/stm32f1xx_hal_msp.c ****     /**USART1 GPIO Configuration    
  97:Src/stm32f1xx_hal_msp.c ****     PA9     ------> USART1_TX
  98:Src/stm32f1xx_hal_msp.c ****     PA10     ------> USART1_RX 
  99:Src/stm32f1xx_hal_msp.c ****     */
 100:Src/stm32f1xx_hal_msp.c ****     GPIO_InitStruct.Pin = GPIO_PIN_9;
 160              		.loc 1 100 0
 161 0022 4FF40073 		mov	r3, #512
 162 0026 0293     		str	r3, [sp, #8]
 101:Src/stm32f1xx_hal_msp.c ****     GPIO_InitStruct.Mode = GPIO_MODE_AF_PP;
 163              		.loc 1 101 0
 164 0028 0223     		movs	r3, #2
 165 002a 0393     		str	r3, [sp, #12]
 102:Src/stm32f1xx_hal_msp.c ****     GPIO_InitStruct.Speed = GPIO_SPEED_FREQ_HIGH;
 166              		.loc 1 102 0
 167 002c 0323     		movs	r3, #3
 168 002e 0593     		str	r3, [sp, #20]
 103:Src/stm32f1xx_hal_msp.c ****     HAL_GPIO_Init(GPIOA, &GPIO_InitStruct);
 169              		.loc 1 103 0
 170 0030 094C     		ldr	r4, .L12+4
 171 0032 02A9     		add	r1, sp, #8
 172 0034 2046     		mov	r0, r4
 173              	.LVL9:
 174 0036 FFF7FEFF 		bl	HAL_GPIO_Init
 175              	.LVL10:
 104:Src/stm32f1xx_hal_msp.c **** 
 105:Src/stm32f1xx_hal_msp.c ****     GPIO_InitStruct.Pin = GPIO_PIN_10;
 176              		.loc 1 105 0
 177 003a 4FF48063 		mov	r3, #1024
 178 003e 0293     		str	r3, [sp, #8]
 106:Src/stm32f1xx_hal_msp.c ****     GPIO_InitStruct.Mode = GPIO_MODE_INPUT;
 179              		.loc 1 106 0
 180 0040 0023     		movs	r3, #0
 181 0042 0393     		str	r3, [sp, #12]
ARM GAS  /tmp/ccC989Fq.s 			page 6


 107:Src/stm32f1xx_hal_msp.c ****     GPIO_InitStruct.Pull = GPIO_NOPULL;
 182              		.loc 1 107 0
 183 0044 0493     		str	r3, [sp, #16]
 108:Src/stm32f1xx_hal_msp.c ****     HAL_GPIO_Init(GPIOA, &GPIO_InitStruct);
 184              		.loc 1 108 0
 185 0046 02A9     		add	r1, sp, #8
 186 0048 2046     		mov	r0, r4
 187 004a FFF7FEFF 		bl	HAL_GPIO_Init
 188              	.LVL11:
 189              	.LBE4:
 190              	.LBE6:
 109:Src/stm32f1xx_hal_msp.c **** 
 110:Src/stm32f1xx_hal_msp.c ****   /* USER CODE BEGIN USART1_MspInit 1 */
 111:Src/stm32f1xx_hal_msp.c **** 
 112:Src/stm32f1xx_hal_msp.c ****   /* USER CODE END USART1_MspInit 1 */
 113:Src/stm32f1xx_hal_msp.c ****   }
 114:Src/stm32f1xx_hal_msp.c **** 
 115:Src/stm32f1xx_hal_msp.c **** }
 191              		.loc 1 115 0
 192 004e 06B0     		add	sp, sp, #24
 193              	.LCFI5:
 194              		.cfi_def_cfa_offset 8
 195              		@ sp needed
 196 0050 10BD     		pop	{r4, pc}
 197              	.L13:
 198 0052 00BF     		.align	2
 199              	.L12:
 200 0054 00380140 		.word	1073821696
 201 0058 00080140 		.word	1073809408
 202              		.cfi_endproc
 203              	.LFE65:
 205              		.section	.text.HAL_UART_MspDeInit,"ax",%progbits
 206              		.align	1
 207              		.global	HAL_UART_MspDeInit
 208              		.syntax unified
 209              		.thumb
 210              		.thumb_func
 211              		.fpu softvfp
 213              	HAL_UART_MspDeInit:
 214              	.LFB66:
 116:Src/stm32f1xx_hal_msp.c **** 
 117:Src/stm32f1xx_hal_msp.c **** void HAL_UART_MspDeInit(UART_HandleTypeDef* huart)
 118:Src/stm32f1xx_hal_msp.c **** {
 215              		.loc 1 118 0
 216              		.cfi_startproc
 217              		@ args = 0, pretend = 0, frame = 0
 218              		@ frame_needed = 0, uses_anonymous_args = 0
 219              	.LVL12:
 220 0000 08B5     		push	{r3, lr}
 221              	.LCFI6:
 222              		.cfi_def_cfa_offset 8
 223              		.cfi_offset 3, -8
 224              		.cfi_offset 14, -4
 119:Src/stm32f1xx_hal_msp.c **** 
 120:Src/stm32f1xx_hal_msp.c ****   if(huart->Instance==USART1)
 225              		.loc 1 120 0
 226 0002 0268     		ldr	r2, [r0]
ARM GAS  /tmp/ccC989Fq.s 			page 7


 227 0004 074B     		ldr	r3, .L18
 228 0006 9A42     		cmp	r2, r3
 229 0008 00D0     		beq	.L17
 230              	.LVL13:
 231              	.L14:
 121:Src/stm32f1xx_hal_msp.c ****   {
 122:Src/stm32f1xx_hal_msp.c ****   /* USER CODE BEGIN USART1_MspDeInit 0 */
 123:Src/stm32f1xx_hal_msp.c **** 
 124:Src/stm32f1xx_hal_msp.c ****   /* USER CODE END USART1_MspDeInit 0 */
 125:Src/stm32f1xx_hal_msp.c ****     /* Peripheral clock disable */
 126:Src/stm32f1xx_hal_msp.c ****     __HAL_RCC_USART1_CLK_DISABLE();
 127:Src/stm32f1xx_hal_msp.c ****   
 128:Src/stm32f1xx_hal_msp.c ****     /**USART1 GPIO Configuration    
 129:Src/stm32f1xx_hal_msp.c ****     PA9     ------> USART1_TX
 130:Src/stm32f1xx_hal_msp.c ****     PA10     ------> USART1_RX 
 131:Src/stm32f1xx_hal_msp.c ****     */
 132:Src/stm32f1xx_hal_msp.c ****     HAL_GPIO_DeInit(GPIOA, GPIO_PIN_9|GPIO_PIN_10);
 133:Src/stm32f1xx_hal_msp.c **** 
 134:Src/stm32f1xx_hal_msp.c ****   /* USER CODE BEGIN USART1_MspDeInit 1 */
 135:Src/stm32f1xx_hal_msp.c **** 
 136:Src/stm32f1xx_hal_msp.c ****   /* USER CODE END USART1_MspDeInit 1 */
 137:Src/stm32f1xx_hal_msp.c ****   }
 138:Src/stm32f1xx_hal_msp.c **** 
 139:Src/stm32f1xx_hal_msp.c **** }
 232              		.loc 1 139 0
 233 000a 08BD     		pop	{r3, pc}
 234              	.LVL14:
 235              	.L17:
 126:Src/stm32f1xx_hal_msp.c ****   
 236              		.loc 1 126 0
 237 000c 064A     		ldr	r2, .L18+4
 238 000e 9369     		ldr	r3, [r2, #24]
 239 0010 23F48043 		bic	r3, r3, #16384
 240 0014 9361     		str	r3, [r2, #24]
 132:Src/stm32f1xx_hal_msp.c **** 
 241              		.loc 1 132 0
 242 0016 4FF4C061 		mov	r1, #1536
 243 001a 0448     		ldr	r0, .L18+8
 244              	.LVL15:
 245 001c FFF7FEFF 		bl	HAL_GPIO_DeInit
 246              	.LVL16:
 247              		.loc 1 139 0
 248 0020 F3E7     		b	.L14
 249              	.L19:
 250 0022 00BF     		.align	2
 251              	.L18:
 252 0024 00380140 		.word	1073821696
 253 0028 00100240 		.word	1073876992
 254 002c 00080140 		.word	1073809408
 255              		.cfi_endproc
 256              	.LFE66:
 258              		.text
 259              	.Letext0:
 260              		.file 2 "Drivers/CMSIS/Device/ST/STM32F1xx/Include/stm32f103xb.h"
 261              		.file 3 "/home/crabfish/tools/gcc-arm-none-eabi-7-2017-q4-major/arm-none-eabi/include/machine/_def
 262              		.file 4 "/home/crabfish/tools/gcc-arm-none-eabi-7-2017-q4-major/arm-none-eabi/include/sys/_stdint.
 263              		.file 5 "Drivers/CMSIS/Include/core_cm3.h"
ARM GAS  /tmp/ccC989Fq.s 			page 8


 264              		.file 6 "Drivers/CMSIS/Device/ST/STM32F1xx/Include/system_stm32f1xx.h"
 265              		.file 7 "/home/crabfish/tools/gcc-arm-none-eabi-7-2017-q4-major/arm-none-eabi/include/sys/lock.h"
 266              		.file 8 "/home/crabfish/tools/gcc-arm-none-eabi-7-2017-q4-major/arm-none-eabi/include/sys/_types.h
 267              		.file 9 "/home/crabfish/tools/gcc-arm-none-eabi-7-2017-q4-major/lib/gcc/arm-none-eabi/7.2.1/includ
 268              		.file 10 "/home/crabfish/tools/gcc-arm-none-eabi-7-2017-q4-major/arm-none-eabi/include/sys/reent.h
 269              		.file 11 "Drivers/STM32F1xx_HAL_Driver/Inc/stm32f1xx_hal_def.h"
 270              		.file 12 "Drivers/STM32F1xx_HAL_Driver/Inc/stm32f1xx_hal_gpio.h"
 271              		.file 13 "Drivers/STM32F1xx_HAL_Driver/Inc/stm32f1xx_hal_dma.h"
 272              		.file 14 "Drivers/STM32F1xx_HAL_Driver/Inc/stm32f1xx_hal_uart.h"
 273              		.file 15 "Drivers/STM32F1xx_HAL_Driver/Inc/stm32f1xx_hal_cortex.h"
ARM GAS  /tmp/ccC989Fq.s 			page 9


DEFINED SYMBOLS
                            *ABS*:0000000000000000 stm32f1xx_hal_msp.c
     /tmp/ccC989Fq.s:16     .text.HAL_MspInit:0000000000000000 $t
     /tmp/ccC989Fq.s:23     .text.HAL_MspInit:0000000000000000 HAL_MspInit
     /tmp/ccC989Fq.s:110    .text.HAL_MspInit:0000000000000088 $d
     /tmp/ccC989Fq.s:116    .text.HAL_UART_MspInit:0000000000000000 $t
     /tmp/ccC989Fq.s:123    .text.HAL_UART_MspInit:0000000000000000 HAL_UART_MspInit
     /tmp/ccC989Fq.s:200    .text.HAL_UART_MspInit:0000000000000054 $d
     /tmp/ccC989Fq.s:206    .text.HAL_UART_MspDeInit:0000000000000000 $t
     /tmp/ccC989Fq.s:213    .text.HAL_UART_MspDeInit:0000000000000000 HAL_UART_MspDeInit
     /tmp/ccC989Fq.s:252    .text.HAL_UART_MspDeInit:0000000000000024 $d

UNDEFINED SYMBOLS
HAL_NVIC_SetPriorityGrouping
HAL_NVIC_SetPriority
HAL_GPIO_Init
HAL_GPIO_DeInit
